2023-06-08 21:58:25,384 - qtpyvcp - INFO - Logging to /home/groot/linuxcnc/configs/kondor/sim.log
2023-06-08 21:58:25,384 - qtpyvcp - INFO - QtPyVCP Version: 0+unknown
2023-06-08 21:58:25,852 - qtpyvcp.utilities.info - INFO - Machine appearers to be a gantry config having a double Y axis
2023-06-08 21:58:25,852 - qtpyvcp.utilities.info - INFO - The machine has 4 axes and 5 joints
2023-06-08 21:58:25,852 - qtpyvcp.utilities.info - INFO - The Axis/Joint mapping is:
2023-06-08 21:58:25,853 - qtpyvcp.utilities.info - INFO - Axis X --> Joint 0
2023-06-08 21:58:25,853 - qtpyvcp.utilities.info - INFO - Axis Y0 --> Joint 1
2023-06-08 21:58:25,853 - qtpyvcp.utilities.info - INFO - Axis Y1 --> Joint 2
2023-06-08 21:58:25,853 - qtpyvcp.utilities.info - INFO - Axis Z --> Joint 3
2023-06-08 21:58:25,853 - qtpyvcp.utilities.info - INFO - Axis A --> Joint 4
2023-06-08 21:58:25,988 - qtpyvcp - INFO - Loading global stylesheet: /usr/lib/python3/dist-packages/probe_basic/probe_basic.qss
2023-06-08 21:58:28,917 - qtpyvcp.app.launcher - INFO - Loading POSTGUI_HALFILE: /home/groot/linuxcnc/configs/kondor/hallib/postgui.hal
2023-06-08 21:58:31,756 - qtpyvcp.actions.machine_actions - INFO - Homing all axes
2023-06-08 22:00:45,649 - qtpyvcp.actions.machine_actions - INFO - Issuing MDI command: m12
2023-06-08 22:00:47,783 - qtpyvcp.actions.machine_actions - INFO - Issuing MDI command: m11
2023-06-08 22:00:48,607 - qtpyvcp.actions.machine_actions - INFO - Issuing MDI command: m11
2023-06-08 22:00:49,277 - qtpyvcp.actions.machine_actions - INFO - Issuing MDI command: m11
2023-06-08 22:00:50,511 - qtpyvcp.actions.machine_actions - INFO - Issuing MDI command: m11
2023-06-08 22:00:51,288 - qtpyvcp.actions.machine_actions - INFO - Issuing MDI command: m11
2023-06-08 22:00:51,887 - qtpyvcp.actions.machine_actions - INFO - Issuing MDI command: m11
2023-06-08 22:03:10,058 - qtpyvcp.actions.machine_actions - INFO - Issuing MDI command: m11
2023-06-08 22:03:10,439 - qtpyvcp.actions.machine_actions - INFO - Issuing MDI command: m11
2023-06-08 22:03:10,763 - qtpyvcp.actions.machine_actions - INFO - Issuing MDI command: m11
2023-06-08 22:03:12,487 - qtpyvcp.actions.machine_actions - INFO - Issuing MDI command: m11
2023-06-08 22:03:14,396 - qtpyvcp.actions.machine_actions - INFO - Issuing MDI command: m11
2023-06-08 22:03:17,156 - qtpyvcp.actions.machine_actions - INFO - Issuing MDI command: m11
2023-06-08 22:04:11,250 - qtpyvcp.actions.machine_actions - INFO - Issuing MDI command: m11
